--- Copying all files to /root/.m2 at Sun Mar  5 01:21:41 UTC 2023
'./settings-docker.xml' -> '/root/.m2/./settings-docker.xml'

--- Copying all files to /root/.m2 at Sun Mar  5 01:26:46 UTC 2023
'./settings-docker.xml' -> '/root/.m2/./settings-docker.xml'

--- Copying all files to /root/.m2 at Sun Mar  5 01:32:21 UTC 2023
'./settings-docker.xml' -> '/root/.m2/./settings-docker.xml'

--- Copying all files to /root/.m2 at Sun Mar  5 01:35:31 UTC 2023
'./settings-docker.xml' -> '/root/.m2/./settings-docker.xml'

--- Copying all files to /root/.m2 at Sun Mar  5 01:47:15 UTC 2023
'./settings-docker.xml' -> '/root/.m2/./settings-docker.xml'

--- Copying all files to /root/.m2 at Sun Mar  5 01:47:53 UTC 2023
'./settings-docker.xml' -> '/root/.m2/./settings-docker.xml'

--- Copying all files to /root/.m2 at Sun Mar  5 01:51:22 UTC 2023
'./settings-docker.xml' -> '/root/.m2/./settings-docker.xml'

--- Copying all files to /root/.m2 at Sun Mar  5 01:54:29 UTC 2023
'./settings-docker.xml' -> '/root/.m2/./settings-docker.xml'

--- Copying all files to /root/.m2 at Sun Mar  5 01:57:24 UTC 2023
'./settings-docker.xml' -> '/root/.m2/./settings-docker.xml'

--- Copying all files to /root/.m2 at Mon Mar  6 03:57:32 UTC 2023
'./settings-docker.xml' -> '/root/.m2/./settings-docker.xml'

--- Copying all files to /root/.m2 at Mon Mar  6 04:07:21 UTC 2023
'./settings-docker.xml' -> '/root/.m2/./settings-docker.xml'

--- Copying all files to /root/.m2 at Mon Mar  6 04:32:12 UTC 2023
'./settings-docker.xml' -> '/root/.m2/./settings-docker.xml'

--- Copying all files to /root/.m2 at Mon Mar  6 04:42:59 UTC 2023
'./settings-docker.xml' -> '/root/.m2/./settings-docker.xml'

--- Copying all files to /root/.m2 at Mon Mar  6 04:50:04 UTC 2023
'./settings-docker.xml' -> '/root/.m2/./settings-docker.xml'

--- Copying all files to /root/.m2 at Mon Mar  6 22:11:36 UTC 2023
'./settings-docker.xml' -> '/root/.m2/./settings-docker.xml'

--- Copying all files to /root/.m2 at Mon Mar  6 22:28:48 UTC 2023
'./settings-docker.xml' -> '/root/.m2/./settings-docker.xml'

--- Copying all files to /root/.m2 at Mon Mar  6 22:40:30 UTC 2023
'./settings-docker.xml' -> '/root/.m2/./settings-docker.xml'

--- Copying all files to /root/.m2 at Mon Mar  6 22:45:15 UTC 2023
'./settings-docker.xml' -> '/root/.m2/./settings-docker.xml'

--- Copying all files to /root/.m2 at Mon Mar  6 22:52:51 UTC 2023
'./settings-docker.xml' -> '/root/.m2/./settings-docker.xml'

--- Copying all files to /root/.m2 at Tue Mar  7 16:33:19 UTC 2023
'./settings-docker.xml' -> '/root/.m2/./settings-docker.xml'

--- Copying all files to /root/.m2 at Wed Mar  8 10:09:28 UTC 2023
'./settings-docker.xml' -> '/root/.m2/./settings-docker.xml'

--- Copying all files to /root/.m2 at Wed Mar  8 10:19:14 UTC 2023
'./settings-docker.xml' -> '/root/.m2/./settings-docker.xml'

--- Copying all files to /root/.m2 at Wed Mar  8 10:28:58 UTC 2023
'./settings-docker.xml' -> '/root/.m2/./settings-docker.xml'

--- Copying all files to /root/.m2 at Wed Mar  8 11:02:54 UTC 2023
'./settings-docker.xml' -> '/root/.m2/./settings-docker.xml'

--- Copying all files to /root/.m2 at Wed Mar  8 11:04:00 UTC 2023
'./settings-docker.xml' -> '/root/.m2/./settings-docker.xml'

--- Copying all files to /root/.m2 at Wed Mar  8 11:54:38 UTC 2023
'./settings-docker.xml' -> '/root/.m2/./settings-docker.xml'

--- Copying all files to /root/.m2 at Wed Mar  8 12:39:43 UTC 2023
'./settings-docker.xml' -> '/root/.m2/./settings-docker.xml'

--- Copying all files to /root/.m2 at Wed Mar  8 13:20:07 UTC 2023
'./settings-docker.xml' -> '/root/.m2/./settings-docker.xml'

--- Copying all files to /root/.m2 at Wed Mar  8 13:23:59 UTC 2023
'./settings-docker.xml' -> '/root/.m2/./settings-docker.xml'

--- Copying all files to /root/.m2 at Wed Mar  8 13:30:09 UTC 2023
'./settings-docker.xml' -> '/root/.m2/./settings-docker.xml'

--- Copying all files to /root/.m2 at Mon Mar 13 00:17:26 UTC 2023
'./settings-docker.xml' -> '/root/.m2/./settings-docker.xml'

--- Copying all files to /root/.m2 at Tue Mar 14 09:41:34 UTC 2023
'./settings-docker.xml' -> '/root/.m2/./settings-docker.xml'

--- Copying all files to /root/.m2 at Tue Mar 14 10:19:56 UTC 2023
'./settings-docker.xml' -> '/root/.m2/./settings-docker.xml'

--- Copying all files to /root/.m2 at Wed Mar 15 13:05:25 UTC 2023
'./settings-docker.xml' -> '/root/.m2/./settings-docker.xml'

--- Copying all files to /root/.m2 at Wed Mar 15 13:08:38 UTC 2023
'./settings-docker.xml' -> '/root/.m2/./settings-docker.xml'

--- Copying all files to /root/.m2 at Wed Mar 15 13:09:46 UTC 2023
'./settings-docker.xml' -> '/root/.m2/./settings-docker.xml'

--- Copying all files to /root/.m2 at Wed Mar 15 13:22:49 UTC 2023
'./settings-docker.xml' -> '/root/.m2/./settings-docker.xml'

--- Copying all files to /root/.m2 at Wed Mar 15 13:25:43 UTC 2023
'./settings-docker.xml' -> '/root/.m2/./settings-docker.xml'

--- Copying all files to /root/.m2 at Wed Mar 15 13:54:02 UTC 2023
'./settings-docker.xml' -> '/root/.m2/./settings-docker.xml'

--- Copying all files to /root/.m2 at Wed Mar 15 14:03:22 UTC 2023
'./settings-docker.xml' -> '/root/.m2/./settings-docker.xml'

--- Copying all files to /root/.m2 at Wed Mar 15 14:07:08 UTC 2023
'./settings-docker.xml' -> '/root/.m2/./settings-docker.xml'

--- Copying all files to /root/.m2 at Wed Mar 15 14:46:02 UTC 2023
'./settings-docker.xml' -> '/root/.m2/./settings-docker.xml'

--- Copying all files to /root/.m2 at Wed Mar 15 15:15:04 UTC 2023
'./settings-docker.xml' -> '/root/.m2/./settings-docker.xml'

--- Copying all files to /root/.m2 at Sat May 27 03:21:21 UTC 2023
'./settings-docker.xml' -> '/root/.m2/./settings-docker.xml'

--- Copying all files to /root/.m2 at Sat May 27 03:26:39 UTC 2023
'./settings-docker.xml' -> '/root/.m2/./settings-docker.xml'

--- Copying all files to /root/.m2 at Sat May 27 03:26:55 UTC 2023
'./settings-docker.xml' -> '/root/.m2/./settings-docker.xml'

--- Copying all files to /root/.m2 at Sat May 27 04:51:52 UTC 2023
'./settings-docker.xml' -> '/root/.m2/./settings-docker.xml'

--- Copying all files to /root/.m2 at Sat May 27 04:57:44 UTC 2023
'./settings-docker.xml' -> '/root/.m2/./settings-docker.xml'

--- Copying all files to /root/.m2 at Sat May 27 05:00:50 UTC 2023
'./settings-docker.xml' -> '/root/.m2/./settings-docker.xml'

--- Copying all files to /root/.m2 at Sat May 27 05:13:54 UTC 2023
'./settings-docker.xml' -> '/root/.m2/./settings-docker.xml'

